<?xml version="1.0" encoding="UTF-8"?>
<testng-results skipped="0" failed="0" ignored="0" total="1" passed="1">
  <reporter-output>
  </reporter-output>
  <suite name="Suite" duration-ms="7045" started-at="2018-07-18T00:47:29Z" finished-at="2018-07-18T00:47:36Z">
    <groups>
    </groups>
    <test name="Test" duration-ms="7045" started-at="2018-07-18T00:47:29Z" finished-at="2018-07-18T00:47:36Z">
      <class name="tests.NewTest">
        <test-method status="PASS" signature="beforeClass()[pri:0, instance:tests.NewTest@38bc8ab5]" name="beforeClass" is-config="true" duration-ms="2120" started-at="2018-07-18T00:47:29Z" finished-at="2018-07-18T00:47:31Z">
          <reporter-output>
          </reporter-output>
        </test-method> <!-- beforeClass -->
        <test-method status="PASS" signature="openMyBlog()[pri:0, instance:tests.NewTest@38bc8ab5]" name="openMyBlog" duration-ms="4016" started-at="2018-07-18T00:47:31Z" finished-at="2018-07-18T00:47:35Z">
          <reporter-output>
          </reporter-output>
        </test-method> <!-- openMyBlog -->
        <test-method status="PASS" signature="afterClass()[pri:0, instance:tests.NewTest@38bc8ab5]" name="afterClass" is-config="true" duration-ms="885" started-at="2018-07-18T00:47:35Z" finished-at="2018-07-18T00:47:36Z">
          <reporter-output>
          </reporter-output>
        </test-method> <!-- afterClass -->
      </class> <!-- tests.NewTest -->
    </test> <!-- Test -->
  </suite> <!-- Suite -->
</testng-results>
